<?xml version="1.0" encoding="UTF-8"?>
<testsuite name="PingPongTest" tests="1" skipped="0" failures="0" errors="0" timestamp="2016-01-05T13:59:59" hostname="kass-HP-Compaq-dc7900-Small-Form-Factor" time="0.002">
  <properties/>
  <testcase name="isPingPong_forCountingInArrayList_returnsArrayValue" classname="PingPongTest" time="0.002"/>
  <system-out><![CDATA[]]></system-out>
  <system-err><![CDATA[]]></system-err>
</testsuite>
