<?xml version="1.0" encoding="UTF-8"?>
<testsuite name="PingPongTest" tests="2" skipped="0" failures="0" errors="0" timestamp="2016-01-05T14:03:55" hostname="kass-HP-Compaq-dc7900-Small-Form-Factor" time="0.005">
  <properties/>
  <testcase name="isPingPong_forNumbersDivisibleBy3_returnsPing" classname="PingPongTest" time="0.003"/>
  <testcase name="isPingPong_forCountingInArrayList_returnsArrayValue" classname="PingPongTest" time="0.002"/>
  <system-out><![CDATA[]]></system-out>
  <system-err><![CDATA[]]></system-err>
</testsuite>
