<?xml version="1.0" encoding="UTF-8"?>
<testsuite name="PingPongTest" tests="1" skipped="0" failures="0" errors="0" timestamp="2016-01-05T01:52:23" hostname="kass-HP-Compaq-dc7900-Small-Form-Factor" time="0.001">
  <properties/>
  <testcase name="isPingPong_forCountingInArrayList_returnsArrayList" classname="PingPongTest" time="0.001"/>
  <system-out><![CDATA[]]></system-out>
  <system-err><![CDATA[]]></system-err>
</testsuite>
